<testsuite name="com.diploma.banking.UserCreationSimulation" tests="2" errors="0" failures="2" time="0">
<testcase name="Global: max of response time is less than or equal to 10000.0" status="false" time="0">
  <failure type="Global">Actual value: 23258.0</failure>
</testcase>
<testcase name="Global: percentage of successful events is greater than 90.0" status="false" time="0">
  <failure type="Global">Actual value: 89.08</failure>
</testcase>
</testsuite>